\BOOKMARK [1][-]{section.1}{\376\377\000I\000n\000t\000r\000o\000d\000u\000c\000t\000i\000o\000n}{}% 1
\BOOKMARK [1][-]{section.2}{\376\377\000H\000i\000s\000t\000o\000r\000i\000q\000u\000e\000\040\000:\000\040\000I\000n\000t\000e\000r\000n\000e\000t\000\040\000e\000t\000\040\000W\000e\000b\000R\000T\000C}{}% 2
\BOOKMARK [2][-]{subsection.2.1}{\376\377\000\311\000v\000o\000l\000u\000t\000i\000o\000n\000\040\000d\000'\000I\000n\000t\000e\000r\000n\000e\000t}{section.2}% 3
\BOOKMARK [2][-]{subsection.2.2}{\376\377\000D\000e\000\040\000l\000a\000\040\000V\000o\000I\000P\000\040\000c\000l\000a\000s\000s\000i\000q\000u\000e\000\040\000a\000u\000x\000\040\000a\000r\000c\000h\000i\000t\000e\000c\000t\000u\000r\000e\000s\000\040\000t\000e\000m\000p\000s\000\040\000r\000\351\000e\000l\000\040\000m\000o\000d\000e\000r\000n\000e\000s}{section.2}% 4
\BOOKMARK [2][-]{subsection.2.3}{\376\377\000H\000i\000s\000t\000o\000r\000i\000q\000u\000e\000\040\000d\000e\000\040\000W\000e\000b\000R\000T\000C}{section.2}% 5
\BOOKMARK [1][-]{section.3}{\376\377\000E\000x\000p\000l\000i\000c\000a\000t\000i\000o\000n\000\040\000d\000e\000s\000\040\000p\000r\000o\000t\000o\000c\000o\000l\000e\000s\000\040\000S\000I\000P\000\040\000e\000t\000\040\000R\000T\000P}{}% 6
\BOOKMARK [2][-]{subsection.3.1}{\376\377\000S\000I\000P\000\040\000:\000\040\000s\000i\000g\000n\000a\000l\000i\000s\000a\000t\000i\000o\000n\000\040\000d\000e\000s\000\040\000s\000e\000s\000s\000i\000o\000n\000s}{section.3}% 7
\BOOKMARK [2][-]{subsection.3.2}{\376\377\000S\000t\000r\000u\000c\000t\000u\000r\000e\000\040\000d\000e\000s\000\040\000m\000e\000s\000s\000a\000g\000e\000s\000\040\000S\000I\000P\000\040\000e\000t\000\040\000c\000h\000a\000m\000p\000s\000\040\000c\000r\000i\000t\000i\000q\000u\000e\000s}{section.3}% 8
\BOOKMARK [2][-]{subsection.3.3}{\376\377\000C\000y\000c\000l\000e\000\040\000d\000'\000a\000p\000p\000e\000l\000\040\000S\000I\000P\000\040\000d\000a\000n\000s\000\040\000l\000e\000\040\000p\000r\000o\000j\000e\000t}{section.3}% 9
\BOOKMARK [2][-]{subsection.3.4}{\376\377\000R\000T\000P\000\040\000:\000\040\000t\000r\000a\000n\000s\000p\000o\000r\000t\000\040\000d\000e\000s\000\040\000f\000l\000u\000x\000\040\000a\000u\000d\000i\000o}{section.3}% 10
\BOOKMARK [2][-]{subsection.3.5}{\376\377\000Q\000u\000a\000l\000i\000t\000\351\000\040\000d\000e\000\040\000s\000e\000r\000v\000i\000c\000e\000\040\000e\000t\000\040\000l\000i\000m\000i\000t\000e\000s\000\040\000p\000r\000a\000t\000i\000q\000u\000e\000s}{section.3}% 11
\BOOKMARK [2][-]{subsection.3.6}{\376\377\000R\000\364\000l\000e\000\040\000d\000e\000\040\000S\000D\000P}{section.3}% 12
\BOOKMARK [2][-]{subsection.3.7}{\376\377\000E\000x\000t\000r\000a\000i\000t\000s\000\040\000d\000e\000\040\000c\000o\000d\000e\000\040\000d\000'\000i\000m\000p\000l\000\351\000m\000e\000n\000t\000a\000t\000i\000o\000n\000\040\000d\000e\000s\000\040\000p\000r\000o\000t\000o\000c\000o\000l\000e\000s}{section.3}% 13
\BOOKMARK [3][-]{subsubsection.3.7.1}{\376\377\000I\000m\000p\000l\000\351\000m\000e\000n\000t\000a\000t\000i\000o\000n\000\040\000S\000I\000P\000\040\000\050\000c\000o\000n\000s\000t\000r\000u\000c\000t\000i\000o\000n\000\040\000e\000t\000\040\000s\000\351\000r\000i\000a\000l\000i\000s\000a\000t\000i\000o\000n\000\040\000d\000e\000s\000\040\000m\000e\000s\000s\000a\000g\000e\000s\000\051}{subsection.3.7}% 14
\BOOKMARK [3][-]{subsubsection.3.7.2}{\376\377\000I\000m\000p\000l\000\351\000m\000e\000n\000t\000a\000t\000i\000o\000n\000\040\000S\000D\000P\000\040\000\050\000o\000f\000f\000r\000e\000/\000r\000\351\000p\000o\000n\000s\000e\000\040\000e\000t\000\040\000p\000a\000r\000s\000i\000n\000g\000\051}{subsection.3.7}% 15
\BOOKMARK [3][-]{subsubsection.3.7.3}{\376\377\000I\000m\000p\000l\000\351\000m\000e\000n\000t\000a\000t\000i\000o\000n\000\040\000R\000T\000P\000\040\000\050\000e\000n\000c\000a\000p\000s\000u\000l\000a\000t\000i\000o\000n\000\040\000e\000t\000\040\000\351\000m\000i\000s\000s\000i\000o\000n\000\040\000d\000e\000s\000\040\000p\000a\000q\000u\000e\000t\000s\000\051}{subsection.3.7}% 16
\BOOKMARK [3][-]{subsubsection.3.7.4}{\376\377\000I\000m\000p\000l\000\351\000m\000e\000n\000t\000a\000t\000i\000o\000n\000\040\000S\000T\000U\000N\000\040\000\050\000d\000\351\000c\000o\000u\000v\000e\000r\000t\000e\000\040\000d\000'\000e\000n\000d\000p\000o\000i\000n\000t\000\040\000p\000u\000b\000l\000i\000c\000\040\000U\000D\000P\000\051}{subsection.3.7}% 17
\BOOKMARK [3][-]{subsubsection.3.7.5}{\376\377\000G\000e\000s\000t\000i\000o\000n\000\040\000d\000'\000\351\000t\000a\000t\000\040\000d\000'\000a\000p\000p\000e\000l\000\040\000S\000I\000P\000\040\000\050\000C\000A\000N\000C\000E\000L\000\040\000v\000s\000\040\000B\000Y\000E\000\051}{subsection.3.7}% 18
\BOOKMARK [1][-]{section.4}{\376\377\000D\000i\000a\000g\000r\000a\000m\000m\000e\000s\000\040\000d\000'\000a\000r\000c\000h\000i\000t\000e\000c\000t\000u\000r\000e}{}% 19
\BOOKMARK [2][-]{subsection.4.1}{\376\377\000A\000r\000c\000h\000i\000t\000e\000c\000t\000u\000r\000e\000\040\000c\000l\000i\000e\000n\000t\000-\000s\000e\000r\000v\000e\000u\000r}{section.4}% 20
\BOOKMARK [2][-]{subsection.4.2}{\376\377\000F\000l\000u\000x\000\040\000d\000'\000u\000n\000\040\000a\000p\000p\000e\000l\000\040\000e\000t\000\040\000m\000\351\000d\000i\000a\000s\000\040\000R\000T\000P}{section.4}% 21
\BOOKMARK [1][-]{section.5}{\376\377\000C\000a\000p\000t\000u\000r\000e\000\040\000d\000'\000\351\000c\000r\000a\000n\000\040\000d\000e\000\040\000l\000'\000a\000p\000p\000l\000i\000c\000a\000t\000i\000o\000n\000\040\000f\000o\000n\000c\000t\000i\000o\000n\000n\000e\000l\000l\000e}{}% 22
\BOOKMARK [1][-]{section.6}{\376\377\000T\000e\000s\000t\000s\000\040\000d\000e\000\040\000c\000o\000n\000n\000e\000c\000t\000i\000v\000i\000t\000\351\000\040\000e\000t\000\040\000r\000\351\000s\000u\000l\000t\000a\000t\000s}{}% 23
\BOOKMARK [2][-]{subsection.6.1}{\376\377\000M\000\351\000t\000h\000o\000d\000o\000l\000o\000g\000i\000e\000\040\000d\000e\000\040\000t\000e\000s\000t}{section.6}% 24
\BOOKMARK [2][-]{subsection.6.2}{\376\377\000R\000\351\000s\000u\000l\000t\000a\000t\000s\000\040\000o\000b\000t\000e\000n\000u\000s}{section.6}% 25
\BOOKMARK [2][-]{subsection.6.3}{\376\377\000A\000n\000a\000l\000y\000s\000e}{section.6}% 26
\BOOKMARK [1][-]{section.7}{\376\377\000C\000o\000n\000c\000l\000u\000s\000i\000o\000n}{}% 27
